[23:12:04] SELECT ItemCount FROM GameServerInfo WHERE Number = 0
[23:12:04] SELECT ItemCount FROM GameServerInfo WHERE Number = 0
[23:12:04] SELECT param_value FROM IGC_Config WHERE param_name = 'db_version'
[23:12:04] IF ((SELECT data_type FROM INFORMATION_SCHEMA.columns WHERE table_name = 'IGC_PentagramInfo_old' AND column_name = 'PentagramInfo') = 'varbinary') SELECT 1 AS Result
[23:12:04] SELECT param_value FROM IGC_Config WHERE param_name = 'db_version'
[23:12:04] IF ((SELECT data_type FROM INFORMATION_SCHEMA.columns WHERE table_name = 'IGC_PStore_Items_old' AND column_name = 'ItemData') = 'varbinary') SELECT 1 AS Result
[23:12:04] EXEC IGC_PersonalStore_LoadAllStores
[23:12:04] SELECT * FROM Guild
[23:12:04] EXEC IGC_DeleteAllPartyMatchingList
[23:12:04] EXEC IGC_LoadPartyInfo
[23:12:37] SELECT * FROM DefaultClassType
[23:12:37] EXEC IGC_GetAverageConnWaitTime 480
[23:12:39] EXEC IGC_DevilSquareFinal_Renew 2
[23:12:39] EXEC IGC_DevilSquareFinal_Renew 3
[23:12:39] EXEC IGC_DevilSquareFinal_Renew 4
[23:12:39] EXEC IGC_DevilSquareFinal_GetRank 2
[23:12:39] EXEC IGC_DevilSquareFinal_GetRank 3
[23:12:39] EXEC IGC_DevilSquareFinal_GetRank 4
[23:12:39] EXEC IGC_DevilSquareFinal_GetRank 2
[23:12:39] EXEC IGC_DevilSquareFinal_GetRank 3
[23:12:39] EXEC IGC_DevilSquareFinal_GetRank 4
[23:12:39] EXEC IGC_DevilSquareFinal_GetRank 2
[23:12:39] EXEC IGC_DevilSquareFinal_GetRank 3
[23:12:39] EXEC IGC_DevilSquareFinal_GetRank 4
[23:42:38] EXEC IGC_GetAverageConnWaitTime 480
