[21:53:30] Initializing...
[21:53:30] eDataServer version: 21.1.2.11 S Compiled at: Apr 17 2026 11:28:08
[21:53:30] IP Address 147.135.23.66 valid, no resolving required
[21:53:30] Password Encrypt Type: None
[21:53:30] Current Global Connections Limit (IP) per ServerGroup, General: 10 OffPlayer: (5)
[21:53:30] Current Global Connections Limit (HWID) per ServerGroup, General: 10 OffPlayer: (5)
[21:53:30] JoinServer configuration load OK
[21:53:30] Character Delete Max Level: 40
[21:53:30] Character Create Limit Per Day: 4
[21:53:30] DataServer configuration load OK
[21:53:30] ExDataServer configuration load OK
[21:53:30] [Allowed IP List] .\AllowedIPList.xml file loaded successfuly (IP count: 1)
[21:53:30] [DataServer] ItemCount: 3000
[21:53:30] [SUCCESS] - DATA SERVER CONNECT MSSQL SUCCESS (COUNT: 57)
[21:53:30] [SUCCESS] - JOIN SERVER CONNECT MSSQL SUCCESS
[21:53:30] [ExDB] Guild Load Completed, total:0, Time:0 ms
[21:53:30] JoinServer listen on PORT [ 56770 ]
[21:53:31] DataServer listen on PORT [ 56760 ]
[21:53:31] ExDataServer listen on PORT [ 56706 ]
[21:53:31] License Information:
[21:53:31] Customer: Sergio Soto - Sergio soto Server: ArabastaMu
