[20:55:58] Initializing...
[20:55:58] eDataServer version: 21.1.2.11 S Compiled at: Apr 17 2026 11:28:08
[20:55:58] IP Address 147.135.23.66 valid, no resolving required
[20:55:58] Password Encrypt Type: None
[20:55:58] Current Global Connections Limit (IP) per ServerGroup, General: 10 OffPlayer: (5)
[20:55:58] Current Global Connections Limit (HWID) per ServerGroup, General: 10 OffPlayer: (5)
[20:55:58] JoinServer configuration load OK
[20:55:58] Character Delete Max Level: 40
[20:55:58] Character Create Limit Per Day: 4
[20:55:58] DataServer configuration load OK
[20:55:58] ExDataServer configuration load OK
[20:55:58] [Allowed IP List] .\AllowedIPList.xml file loaded successfuly (IP count: 1)
[20:55:58] [DataServer] ItemCount: 3000
[20:55:58] [SUCCESS] - DATA SERVER CONNECT MSSQL SUCCESS (COUNT: 57)
[20:55:58] [SUCCESS] - JOIN SERVER CONNECT MSSQL SUCCESS
[20:55:58] [ExDB] Guild Load Completed, total:0, Time:0 ms
[20:55:58] JoinServer listen on PORT [ 56770 ]
[20:55:58] DataServer listen on PORT [ 56760 ]
[20:55:58] ExDataServer listen on PORT [ 56706 ]
[20:55:58] License Information:
[20:55:58] Customer: Sergio Soto - Sergio soto Server: ArabastaMu
