[20:12:44] Initializing...
[20:12:44] eDataServer version: 21.1.2.11 S Compiled at: Apr 17 2026 11:28:08
[20:12:44] IP Address 147.135.23.66 valid, no resolving required
[20:12:44] Password Encrypt Type: None
[20:12:44] Current Global Connections Limit (IP) per ServerGroup, General: 10 OffPlayer: (5)
[20:12:44] Current Global Connections Limit (HWID) per ServerGroup, General: 10 OffPlayer: (5)
[20:12:44] JoinServer configuration load OK
[20:12:44] Character Delete Max Level: 40
[20:12:44] Character Create Limit Per Day: 4
[20:12:44] DataServer configuration load OK
[20:12:44] ExDataServer configuration load OK
[20:12:44] [Allowed IP List] .\AllowedIPList.xml file loaded successfuly (IP count: 1)
[20:12:44] [DataServer] ItemCount: 0
[20:12:44] [SUCCESS] - DATA SERVER CONNECT MSSQL SUCCESS (COUNT: 57)
[20:12:44] [SUCCESS] - JOIN SERVER CONNECT MSSQL SUCCESS
[20:12:44] [ExDB] Guild Load Completed, total:0, Time:0 ms
[20:12:44] JoinServer listen on PORT [ 56770 ]
[20:12:44] DataServer listen on PORT [ 56760 ]
[20:12:44] ExDataServer listen on PORT [ 56706 ]
[20:12:44] License Information:
[20:12:44] Customer: Sergio Soto - Sergio soto Server: ArabastaMu
