[08:56:53] Initializing...
[08:56:53] eDataServer version: 21.1.2.11 S Compiled at: Apr 17 2026 11:28:08
[08:56:53] IP Address 147.135.23.66 valid, no resolving required
[08:56:53] Password Encrypt Type: None
[08:56:53] Current Global Connections Limit (IP) per ServerGroup, General: 10 OffPlayer: (5)
[08:56:53] Current Global Connections Limit (HWID) per ServerGroup, General: 10 OffPlayer: (5)
[08:56:53] JoinServer configuration load OK
[08:56:53] Character Delete Max Level: 40
[08:56:53] Character Create Limit Per Day: 4
[08:56:53] DataServer configuration load OK
[08:56:53] ExDataServer configuration load OK
[08:56:53] [Allowed IP List] .\AllowedIPList.xml file loaded successfuly (IP count: 1)
[08:56:53] [DataServer] ItemCount: 0
[08:56:53] [SUCCESS] - DATA SERVER CONNECT MSSQL SUCCESS (COUNT: 57)
[08:56:53] [SUCCESS] - JOIN SERVER CONNECT MSSQL SUCCESS
[08:56:53] [ExDB] Guild Load Completed, total:0, Time:0 ms
[08:56:53] JoinServer listen on PORT [ 56770 ]
[08:56:53] DataServer listen on PORT [ 56760 ]
[08:56:53] ExDataServer listen on PORT [ 56706 ]
[08:56:53] License Information:
[08:56:53] Customer: Sergio Soto - Sergio soto Server: ArabastaMu
[08:57:32] [ServerMng] Connect : Index : 0 - IP : 127.0.0.1 - ServerType : 1
[08:57:32] [Join Server] GameServer Battle Core connected BattleCore, PORT: 56120, Code: 480, VIP: -1 IP Limit (General: 2, OffPlayer: 2)
[08:57:32] [ServerMng] Connect : Index : 1 - IP : 127.0.0.1 - ServerType : 2
[08:57:32] [DataServer] GameServer(Battle Core)(480)(24) connect
