[18:26:37] Initializing...
[18:26:37] eDataServer version: 21.1.2.11 S Compiled at: Apr 17 2026 11:28:08
[18:26:37] IP Address 147.135.23.66 valid, no resolving required
[18:26:37] Password Encrypt Type: None
[18:26:37] Current Global Connections Limit (IP) per ServerGroup, General: 10 OffPlayer: (5)
[18:26:37] Current Global Connections Limit (HWID) per ServerGroup, General: 10 OffPlayer: (5)
[18:26:37] JoinServer configuration load OK
[18:26:37] Character Delete Max Level: 40
[18:26:37] Character Create Limit Per Day: 4
[18:26:37] DataServer configuration load OK
[18:26:37] ExDataServer configuration load OK
[18:26:37] [Allowed IP List] .\AllowedIPList.xml file loaded successfuly (IP count: 1)
[18:26:38] [DataServer] ItemCount: 0
[18:26:38] [SUCCESS] - DATA SERVER CONNECT MSSQL SUCCESS (COUNT: 57)
[18:26:38] [SUCCESS] - JOIN SERVER CONNECT MSSQL SUCCESS
[18:26:38] [ExDB] Guild Load Completed, total:0, Time:0 ms
[18:26:38] JoinServer listen on PORT [ 56770 ]
[18:26:38] DataServer listen on PORT [ 56760 ]
[18:26:38] ExDataServer listen on PORT [ 56706 ]
[18:26:38] License Information:
[18:26:38] Customer: Sergio Soto - Sergio soto Server: ArabastaMu
[18:26:44] [ServerMng] Connect : Index : 0 - IP : 127.0.0.1 - ServerType : 1
[18:26:44] [Join Server] GameServer Battle Core connected BattleCore, PORT: 56120, Code: 480, VIP: -1 IP Limit (General: 2, OffPlayer: 2)
[18:26:44] [ServerMng] Connect : Index : 1 - IP : 127.0.0.1 - ServerType : 2
[18:26:44] [DataServer] GameServer(Battle Core)(480)(24) connect
