[18:26:38] SELECT ItemCount FROM GameServerInfo WHERE Number = 0
[18:26:38] SELECT ItemCount FROM GameServerInfo WHERE Number = 0
[18:26:38] SELECT param_value FROM IGC_Config WHERE param_name = 'db_version'
[18:26:38] IF ((SELECT data_type FROM INFORMATION_SCHEMA.columns WHERE table_name = 'IGC_PentagramInfo_old' AND column_name = 'PentagramInfo') = 'varbinary') SELECT 1 AS Result
[18:26:38] SELECT param_value FROM IGC_Config WHERE param_name = 'db_version'
[18:26:38] IF ((SELECT data_type FROM INFORMATION_SCHEMA.columns WHERE table_name = 'IGC_PStore_Items_old' AND column_name = 'ItemData') = 'varbinary') SELECT 1 AS Result
[18:26:38] EXEC IGC_PersonalStore_LoadAllStores
[18:26:38] SELECT * FROM Guild
[18:26:38] EXEC IGC_DeleteAllPartyMatchingList
[18:26:38] EXEC IGC_LoadPartyInfo
[18:26:44] EXEC IGC_GetAverageConnWaitTime 480
[18:26:44] SELECT * FROM DefaultClassType
[18:26:46] EXEC IGC_DevilSquareFinal_Renew 2
[18:26:46] EXEC IGC_DevilSquareFinal_Renew 3
[18:26:46] EXEC IGC_DevilSquareFinal_Renew 4
[18:26:46] EXEC IGC_DevilSquareFinal_GetRank 2
[18:26:46] EXEC IGC_DevilSquareFinal_GetRank 3
[18:26:46] EXEC IGC_DevilSquareFinal_GetRank 4
[18:26:46] EXEC IGC_DevilSquareFinal_GetRank 2
[18:26:46] EXEC IGC_DevilSquareFinal_GetRank 3
[18:26:46] EXEC IGC_DevilSquareFinal_GetRank 4
[18:26:46] EXEC IGC_DevilSquareFinal_GetRank 2
[18:26:46] EXEC IGC_DevilSquareFinal_GetRank 3
[18:26:46] EXEC IGC_DevilSquareFinal_GetRank 4
[18:56:44] EXEC IGC_GetAverageConnWaitTime 480
